<?xml version="1.0" encoding="UTF-8"?>
<!-- Generated by org.testng.reporters.JUnitReportReporter -->
<testsuite skipped="1" hostname="DESKTOP-69VQ80O" name="com.qa.classicCRM.tests.ProductsInfoTest" tests="4" failures="0" timestamp="29 Apr 2021 20:28:35 GMT" time="3.085" errors="0">
  <testcase name="verifyProductInfoTest_MacBook" time="2.397" classname="com.qa.classicCRM.tests.ProductsInfoTest"/>
  <testcase name="selectQuantityTest" time="0.177" classname="com.qa.classicCRM.tests.ProductsInfoTest"/>
  <testcase name="addToCartTest" time="0.511" classname="com.qa.classicCRM.tests.ProductsInfoTest"/>
  <testcase name="productinfoPageTitleTest_iMac" classname="com.qa.classicCRM.tests.ProductsInfoTest">
    <skipped/>
  </testcase> <!-- productinfoPageTitleTest_iMac -->
</testsuite> <!-- com.qa.classicCRM.tests.ProductsInfoTest -->
