<?xml version="1.0" encoding="UTF-8"?>
<!-- Generated by org.testng.reporters.JUnitReportReporter -->
<testsuite skipped="0" hostname="DESKTOP-69VQ80O" name="com.qa.classicCRM.tests.RegisterPageTest" tests="4" failures="0" timestamp="19 May 2021 14:35:09 GMT" time="2.923" errors="0">
  <testcase name="userRegistrationTest" time="1.133" classname="com.qa.classicCRM.tests.RegisterPageTest"/>
  <testcase name="userRegistrationTest" time="0.577" classname="com.qa.classicCRM.tests.RegisterPageTest"/>
  <testcase name="userRegistrationTest" time="0.670" classname="com.qa.classicCRM.tests.RegisterPageTest"/>
  <testcase name="userRegistrationTest" time="0.543" classname="com.qa.classicCRM.tests.RegisterPageTest"/>
</testsuite> <!-- com.qa.classicCRM.tests.RegisterPageTest -->
