<?xml version="1.0" encoding="UTF-8"?>
<!-- Generated by org.testng.reporters.JUnitReportReporter -->
<testsuite skipped="0" hostname="DESKTOP-69VQ80O" name="com.qa.classicCRM.tests.HomePageTest" tests="5" failures="0" timestamp="07 Apr 2021 18:17:59 GMT" time="0.484" errors="0">
  <testcase name="homepageTitleTest" time="0.017" classname="com.qa.classicCRM.tests.HomePageTest"/>
  <testcase name="verifyHomePageTest" time="0.210" classname="com.qa.classicCRM.tests.HomePageTest"/>
  <testcase name="verifyHelpiconExistTest" time="0.088" classname="com.qa.classicCRM.tests.HomePageTest"/>
  <testcase name="verifyisSetUpiconExistTest" time="0.054" classname="com.qa.classicCRM.tests.HomePageTest"/>
  <testcase name="verifyaccountNameTest" time="0.115" classname="com.qa.classicCRM.tests.HomePageTest"/>
</testsuite> <!-- com.qa.classicCRM.tests.HomePageTest -->
