<?xml version="1.0" encoding="UTF-8"?>
<!-- Generated by org.testng.reporters.JUnitReportReporter -->
<testsuite skipped="0" hostname="DESKTOP-69VQ80O" name="com.qa.classicCRM.tests.AccountsPageTest" tests="5" failures="0" timestamp="27 May 2021 12:16:27 GMT" time="0.958" errors="0">
  <testcase name="AccountsPageTitleTest" time="0.041" classname="com.qa.classicCRM.tests.AccountsPageTest"/>
  <testcase name="verifyAccountsPageHeaderTest" time="0.111" classname="com.qa.classicCRM.tests.AccountsPageTest"/>
  <testcase name="verifyMyAcccountSectionsCountTest" time="0.035" classname="com.qa.classicCRM.tests.AccountsPageTest"/>
  <testcase name="verifyAccountSectionListTest" time="0.201" classname="com.qa.classicCRM.tests.AccountsPageTest"/>
  <testcase name="searchTest" time="0.570" classname="com.qa.classicCRM.tests.AccountsPageTest"/>
</testsuite> <!-- com.qa.classicCRM.tests.AccountsPageTest -->
